[2022-11-08 22:21:34] flarum.ERROR: Swift_TransportException: Process could not be started [The system cannot find the path specified.
] in C:\xampp_7.4\htdocs\flarum\vendor\swiftmailer\swiftmailer\lib\classes\Swift\Transport\StreamBuffer.php:294
Stack trace:
#0 C:\xampp_7.4\htdocs\flarum\vendor\swiftmailer\swiftmailer\lib\classes\Swift\Transport\StreamBuffer.php(54): Swift_Transport_StreamBuffer->establishProcessConnection()
#1 C:\xampp_7.4\htdocs\flarum\vendor\swiftmailer\swiftmailer\lib\classes\Swift\Transport\AbstractSmtpTransport.php(143): Swift_Transport_StreamBuffer->initialize(Array)
#2 C:\xampp_7.4\htdocs\flarum\vendor\swiftmailer\swiftmailer\lib\classes\Swift\Transport\SendmailTransport.php(50): Swift_Transport_AbstractSmtpTransport->start()
#3 C:\xampp_7.4\htdocs\flarum\vendor\swiftmailer\swiftmailer\lib\classes\Swift\Mailer.php(65): Swift_Transport_SendmailTransport->start()
#4 C:\xampp_7.4\htdocs\flarum\vendor\illuminate\mail\Mailer.php(521): Swift_Mailer->send(Object(Swift_Message), Array)
#5 C:\xampp_7.4\htdocs\flarum\vendor\illuminate\mail\Mailer.php(288): Illuminate\Mail\Mailer->sendSwiftMessage(Object(Swift_Message))
#6 C:\xampp_7.4\htdocs\flarum\vendor\illuminate\mail\Mailer.php(212): Illuminate\Mail\Mailer->send(NULL, Array, Object(Closure))
#7 C:\xampp_7.4\htdocs\flarum\vendor\flarum\core\src\Mail\Job\SendRawEmailJob.php(34): Illuminate\Mail\Mailer->raw('Hey juandipta!\n...', Object(Closure))
#8 C:\xampp_7.4\htdocs\flarum\vendor\illuminate\container\BoundMethod.php(36): Flarum\Mail\Job\SendRawEmailJob->handle(Object(Illuminate\Mail\Mailer))
#9 C:\xampp_7.4\htdocs\flarum\vendor\illuminate\container\Util.php(40): Illuminate\Container\BoundMethod::Illuminate\Container\{closure}()
#10 C:\xampp_7.4\htdocs\flarum\vendor\illuminate\container\BoundMethod.php(93): Illuminate\Container\Util::unwrapIfClosure(Object(Closure))
#11 C:\xampp_7.4\htdocs\flarum\vendor\illuminate\container\BoundMethod.php(37): Illuminate\Container\BoundMethod::callBoundMethod(Object(Illuminate\Container\Container), Array, Object(Closure))
#12 C:\xampp_7.4\htdocs\flarum\vendor\illuminate\container\Container.php(653): Illuminate\Container\BoundMethod::call(Object(Illuminate\Container\Container), Array, Array, NULL)
#13 C:\xampp_7.4\htdocs\flarum\vendor\illuminate\bus\Dispatcher.php(128): Illuminate\Container\Container->call(Array)
#14 C:\xampp_7.4\htdocs\flarum\vendor\illuminate\pipeline\Pipeline.php(128): Illuminate\Bus\Dispatcher->Illuminate\Bus\{closure}(Object(Flarum\Mail\Job\SendRawEmailJob))
#15 C:\xampp_7.4\htdocs\flarum\vendor\illuminate\pipeline\Pipeline.php(103): Illuminate\Pipeline\Pipeline->Illuminate\Pipeline\{closure}(Object(Flarum\Mail\Job\SendRawEmailJob))
#16 C:\xampp_7.4\htdocs\flarum\vendor\illuminate\bus\Dispatcher.php(132): Illuminate\Pipeline\Pipeline->then(Object(Closure))
#17 C:\xampp_7.4\htdocs\flarum\vendor\illuminate\queue\CallQueuedHandler.php(120): Illuminate\Bus\Dispatcher->dispatchNow(Object(Flarum\Mail\Job\SendRawEmailJob), false)
#18 C:\xampp_7.4\htdocs\flarum\vendor\illuminate\pipeline\Pipeline.php(128): Illuminate\Queue\CallQueuedHandler->Illuminate\Queue\{closure}(Object(Flarum\Mail\Job\SendRawEmailJob))
#19 C:\xampp_7.4\htdocs\flarum\vendor\illuminate\pipeline\Pipeline.php(103): Illuminate\Pipeline\Pipeline->Illuminate\Pipeline\{closure}(Object(Flarum\Mail\Job\SendRawEmailJob))
#20 C:\xampp_7.4\htdocs\flarum\vendor\illuminate\queue\CallQueuedHandler.php(122): Illuminate\Pipeline\Pipeline->then(Object(Closure))
#21 C:\xampp_7.4\htdocs\flarum\vendor\illuminate\queue\CallQueuedHandler.php(70): Illuminate\Queue\CallQueuedHandler->dispatchThroughMiddleware(Object(Illuminate\Queue\Jobs\SyncJob), Object(Flarum\Mail\Job\SendRawEmailJob))
#22 C:\xampp_7.4\htdocs\flarum\vendor\illuminate\queue\Jobs\Job.php(98): Illuminate\Queue\CallQueuedHandler->call(Object(Illuminate\Queue\Jobs\SyncJob), Array)
#23 C:\xampp_7.4\htdocs\flarum\vendor\illuminate\queue\SyncQueue.php(43): Illuminate\Queue\Jobs\Job->fire()
#24 C:\xampp_7.4\htdocs\flarum\vendor\flarum\core\src\User\AccountActivationMailerTrait.php(54): Illuminate\Queue\SyncQueue->push(Object(Flarum\Mail\Job\SendRawEmailJob))
#25 C:\xampp_7.4\htdocs\flarum\vendor\flarum\core\src\User\AccountActivationMailer.php(67): Flarum\User\AccountActivationMailer->sendConfirmationEmail(Object(Flarum\User\User), Array)
#26 C:\xampp_7.4\htdocs\flarum\vendor\illuminate\events\Dispatcher.php(424): Flarum\User\AccountActivationMailer->handle(Object(Flarum\User\Event\Registered))
#27 C:\xampp_7.4\htdocs\flarum\vendor\illuminate\events\Dispatcher.php(249): Illuminate\Events\Dispatcher->Illuminate\Events\{closure}('Flarum\\User\\Eve...', Array)
#28 C:\xampp_7.4\htdocs\flarum\vendor\flarum\core\src\Foundation\DispatchEventsTrait.php(33): Illuminate\Events\Dispatcher->dispatch('Flarum\\User\\Eve...')
#29 C:\xampp_7.4\htdocs\flarum\vendor\flarum\core\src\User\Command\RegisterUserHandler.php(125): Flarum\User\Command\RegisterUserHandler->dispatchEventsFor(Object(Flarum\User\User), Object(Flarum\User\Guest))
#30 C:\xampp_7.4\htdocs\flarum\vendor\illuminate\bus\Dispatcher.php(122): Flarum\User\Command\RegisterUserHandler->handle(Object(Flarum\User\Command\RegisterUser))
#31 C:\xampp_7.4\htdocs\flarum\vendor\illuminate\pipeline\Pipeline.php(128): Illuminate\Bus\Dispatcher->Illuminate\Bus\{closure}(Object(Flarum\User\Command\RegisterUser))
#32 C:\xampp_7.4\htdocs\flarum\vendor\illuminate\pipeline\Pipeline.php(103): Illuminate\Pipeline\Pipeline->Illuminate\Pipeline\{closure}(Object(Flarum\User\Command\RegisterUser))
#33 C:\xampp_7.4\htdocs\flarum\vendor\illuminate\bus\Dispatcher.php(132): Illuminate\Pipeline\Pipeline->then(Object(Closure))
#34 C:\xampp_7.4\htdocs\flarum\vendor\illuminate\bus\Dispatcher.php(78): Illuminate\Bus\Dispatcher->dispatchNow(Object(Flarum\User\Command\RegisterUser))
#35 C:\xampp_7.4\htdocs\flarum\vendor\flarum\core\src\Api\Controller\CreateUserController.php(46): Illuminate\Bus\Dispatcher->dispatch(Object(Flarum\User\Command\RegisterUser))
#36 C:\xampp_7.4\htdocs\flarum\vendor\flarum\core\src\Api\Controller\AbstractSerializeController.php(115): Flarum\Api\Controller\CreateUserController->data(Object(Laminas\Diactoros\ServerRequest), Object(Tobscure\JsonApi\Document))
#37 C:\xampp_7.4\htdocs\flarum\vendor\flarum\core\src\Api\Controller\AbstractCreateController.php(22): Flarum\Api\Controller\AbstractSerializeController->handle(Object(Laminas\Diactoros\ServerRequest))
#38 C:\xampp_7.4\htdocs\flarum\vendor\flarum\core\src\Http\RouteHandlerFactory.php(41): Flarum\Api\Controller\AbstractCreateController->handle(Object(Laminas\Diactoros\ServerRequest))
#39 C:\xampp_7.4\htdocs\flarum\vendor\flarum\core\src\Http\Middleware\ExecuteRoute.php(27): Flarum\Http\RouteHandlerFactory->Flarum\Http\{closure}(Object(Laminas\Diactoros\ServerRequest), Array)
#40 C:\xampp_7.4\htdocs\flarum\vendor\laminas\laminas-stratigility\src\Next.php(49): Flarum\Http\Middleware\ExecuteRoute->process(Object(Laminas\Diactoros\ServerRequest), Object(Closure))
#41 C:\xampp_7.4\htdocs\flarum\vendor\flarum\core\src\Api\Middleware\ThrottleApi.php(33): Laminas\Stratigility\Next->handle(Object(Laminas\Diactoros\ServerRequest))
#42 C:\xampp_7.4\htdocs\flarum\vendor\laminas\laminas-stratigility\src\Next.php(49): Flarum\Api\Middleware\ThrottleApi->process(Object(Laminas\Diactoros\ServerRequest), Object(Laminas\Stratigility\Next))
#43 C:\xampp_7.4\htdocs\flarum\vendor\flarum\core\src\Http\Middleware\ResolveRoute.php(67): Laminas\Stratigility\Next->handle(Object(Laminas\Diactoros\ServerRequest))
#44 C:\xampp_7.4\htdocs\flarum\vendor\laminas\laminas-stratigility\src\Next.php(49): Flarum\Http\Middleware\ResolveRoute->process(Object(Laminas\Diactoros\ServerRequest), Object(Laminas\Stratigility\Next))
#45 C:\xampp_7.4\htdocs\flarum\vendor\flarum\core\src\Http\Middleware\SetLocale.php(51): Laminas\Stratigility\Next->handle(Object(Laminas\Diactoros\ServerRequest))
#46 C:\xampp_7.4\htdocs\flarum\vendor\laminas\laminas-stratigility\src\Next.php(49): Flarum\Http\Middleware\SetLocale->process(Object(Laminas\Diactoros\ServerRequest), Object(Laminas\Stratigility\Next))
#47 C:\xampp_7.4\htdocs\flarum\vendor\flarum\core\src\Http\Middleware\HandleErrors.php(57): Laminas\Stratigility\Next->handle(Object(Laminas\Diactoros\ServerRequest))
#48 C:\xampp_7.4\htdocs\flarum\vendor\laminas\laminas-stratigility\src\Next.php(49): Flarum\Http\Middleware\HandleErrors->process(Object(Laminas\Diactoros\ServerRequest), Object(Laminas\Stratigility\Next))
#49 C:\xampp_7.4\htdocs\flarum\vendor\laminas\laminas-stratigility\src\MiddlewarePipe.php(75): Laminas\Stratigility\Next->handle(Object(Laminas\Diactoros\ServerRequest))
#50 C:\xampp_7.4\htdocs\flarum\vendor\laminas\laminas-stratigility\src\MiddlewarePipe.php(64): Laminas\Stratigility\MiddlewarePipe->process(Object(Laminas\Diactoros\ServerRequest), Object(Laminas\Stratigility\EmptyPipelineHandler))
#51 C:\xampp_7.4\htdocs\flarum\vendor\flarum\core\src\Api\Client.php(145): Laminas\Stratigility\MiddlewarePipe->handle(Object(Laminas\Diactoros\ServerRequest))
#52 C:\xampp_7.4\htdocs\flarum\vendor\flarum\core\src\Api\Client.php(100): Flarum\Api\Client->send('POST', '/users')
#53 C:\xampp_7.4\htdocs\flarum\vendor\flarum\core\src\Forum\Controller\RegisterController.php(56): Flarum\Api\Client->post('/users')
#54 C:\xampp_7.4\htdocs\flarum\vendor\flarum\core\src\Http\RouteHandlerFactory.php(41): Flarum\Forum\Controller\RegisterController->handle(Object(Laminas\Diactoros\ServerRequest))
#55 C:\xampp_7.4\htdocs\flarum\vendor\flarum\core\src\Http\Middleware\ExecuteRoute.php(27): Flarum\Http\RouteHandlerFactory->Flarum\Http\{closure}(Object(Laminas\Diactoros\ServerRequest), Array)
#56 C:\xampp_7.4\htdocs\flarum\vendor\laminas\laminas-stratigility\src\Next.php(49): Flarum\Http\Middleware\ExecuteRoute->process(Object(Laminas\Diactoros\ServerRequest), Object(Closure))
#57 C:\xampp_7.4\htdocs\flarum\vendor\flarum\core\src\Http\Middleware\ContentTypeOptionsHeader.php(21): Laminas\Stratigility\Next->handle(Object(Laminas\Diactoros\ServerRequest))
#58 C:\xampp_7.4\htdocs\flarum\vendor\laminas\laminas-stratigility\src\Next.php(49): Flarum\Http\Middleware\ContentTypeOptionsHeader->process(Object(Laminas\Diactoros\ServerRequest), Object(Laminas\Stratigility\Next))
#59 C:\xampp_7.4\htdocs\flarum\vendor\flarum\core\src\Http\Middleware\ReferrerPolicyHeader.php(30): Laminas\Stratigility\Next->handle(Object(Laminas\Diactoros\ServerRequest))
#60 C:\xampp_7.4\htdocs\flarum\vendor\laminas\laminas-stratigility\src\Next.php(49): Flarum\Http\Middleware\ReferrerPolicyHeader->process(Object(Laminas\Diactoros\ServerRequest), Object(Laminas\Stratigility\Next))
#61 C:\xampp_7.4\htdocs\flarum\vendor\flarum\core\src\Http\Middleware\FlarumPromotionHeader.php(30): Laminas\Stratigility\Next->handle(Object(Laminas\Diactoros\ServerRequest))
#62 C:\xampp_7.4\htdocs\flarum\vendor\laminas\laminas-stratigility\src\Next.php(49): Flarum\Http\Middleware\FlarumPromotionHeader->process(Object(Laminas\Diactoros\ServerRequest), Object(Laminas\Stratigility\Next))
#63 C:\xampp_7.4\htdocs\flarum\vendor\flarum\core\src\Http\Middleware\ShareErrorsFromSession.php(57): Laminas\Stratigility\Next->handle(Object(Laminas\Diactoros\ServerRequest))
#64 C:\xampp_7.4\htdocs\flarum\vendor\laminas\laminas-stratigility\src\Next.php(49): Flarum\Http\Middleware\ShareErrorsFromSession->process(Object(Laminas\Diactoros\ServerRequest), Object(Laminas\Stratigility\Next))
#65 C:\xampp_7.4\htdocs\flarum\vendor\flarum\core\src\Http\Middleware\CheckCsrfToken.php(44): Laminas\Stratigility\Next->handle(Object(Laminas\Diactoros\ServerRequest))
#66 C:\xampp_7.4\htdocs\flarum\vendor\laminas\laminas-stratigility\src\Next.php(49): Flarum\Http\Middleware\CheckCsrfToken->process(Object(Laminas\Diactoros\ServerRequest), Object(Laminas\Stratigility\Next))
#67 C:\xampp_7.4\htdocs\flarum\vendor\flarum\core\src\Http\Middleware\ResolveRoute.php(67): Laminas\Stratigility\Next->handle(Object(Laminas\Diactoros\ServerRequest))
#68 C:\xampp_7.4\htdocs\flarum\vendor\laminas\laminas-stratigility\src\Next.php(49): Flarum\Http\Middleware\ResolveRoute->process(Object(Laminas\Diactoros\ServerRequest), Object(Laminas\Stratigility\Next))
#69 C:\xampp_7.4\htdocs\flarum\vendor\flarum\core\src\Http\Middleware\SetLocale.php(51): Laminas\Stratigility\Next->handle(Object(Laminas\Diactoros\ServerRequest))
#70 C:\xampp_7.4\htdocs\flarum\vendor\laminas\laminas-stratigility\src\Next.php(49): Flarum\Http\Middleware\SetLocale->process(Object(Laminas\Diactoros\ServerRequest), Object(Laminas\Stratigility\Next))
#71 C:\xampp_7.4\htdocs\flarum\vendor\flarum\core\src\Http\Middleware\AuthenticateWithSession.php(31): Laminas\Stratigility\Next->handle(Object(Laminas\Diactoros\ServerRequest))
#72 C:\xampp_7.4\htdocs\flarum\vendor\laminas\laminas-stratigility\src\Next.php(49): Flarum\Http\Middleware\AuthenticateWithSession->process(Object(Laminas\Diactoros\ServerRequest), Object(Laminas\Stratigility\Next))
#73 C:\xampp_7.4\htdocs\flarum\vendor\flarum\core\src\Http\Middleware\RememberFromCookie.php(52): Laminas\Stratigility\Next->handle(Object(Laminas\Diactoros\ServerRequest))
#74 C:\xampp_7.4\htdocs\flarum\vendor\laminas\laminas-stratigility\src\Next.php(49): Flarum\Http\Middleware\RememberFromCookie->process(Object(Laminas\Diactoros\ServerRequest), Object(Laminas\Stratigility\Next))
#75 C:\xampp_7.4\htdocs\flarum\vendor\flarum\core\src\Http\Middleware\StartSession.php(61): Laminas\Stratigility\Next->handle(Object(Laminas\Diactoros\ServerRequest))
#76 C:\xampp_7.4\htdocs\flarum\vendor\laminas\laminas-stratigility\src\Next.php(49): Flarum\Http\Middleware\StartSession->process(Object(Laminas\Diactoros\ServerRequest), Object(Laminas\Stratigility\Next))
#77 C:\xampp_7.4\htdocs\flarum\vendor\flarum\core\src\Http\Middleware\CollectGarbage.php(46): Laminas\Stratigility\Next->handle(Object(Laminas\Diactoros\ServerRequest))
#78 C:\xampp_7.4\htdocs\flarum\vendor\laminas\laminas-stratigility\src\Next.php(49): Flarum\Http\Middleware\CollectGarbage->process(Object(Laminas\Diactoros\ServerRequest), Object(Laminas\Stratigility\Next))
#79 C:\xampp_7.4\htdocs\flarum\vendor\flarum\core\src\Http\Middleware\ParseJsonBody.php(28): Laminas\Stratigility\Next->handle(Object(Laminas\Diactoros\ServerRequest))
#80 C:\xampp_7.4\htdocs\flarum\vendor\laminas\laminas-stratigility\src\Next.php(49): Flarum\Http\Middleware\ParseJsonBody->process(Object(Laminas\Diactoros\ServerRequest), Object(Laminas\Stratigility\Next))
#81 C:\xampp_7.4\htdocs\flarum\vendor\flarum\core\src\Http\Middleware\HandleErrors.php(57): Laminas\Stratigility\Next->handle(Object(Laminas\Diactoros\ServerRequest))
#82 C:\xampp_7.4\htdocs\flarum\vendor\laminas\laminas-stratigility\src\Next.php(49): Flarum\Http\Middleware\HandleErrors->process(Object(Laminas\Diactoros\ServerRequest), Object(Laminas\Stratigility\Next))
#83 C:\xampp_7.4\htdocs\flarum\vendor\flarum\core\src\Http\Middleware\InjectActorReference.php(25): Laminas\Stratigility\Next->handle(Object(Laminas\Diactoros\ServerRequest))
#84 C:\xampp_7.4\htdocs\flarum\vendor\laminas\laminas-stratigility\src\Next.php(49): Flarum\Http\Middleware\InjectActorReference->process(Object(Laminas\Diactoros\ServerRequest), Object(Laminas\Stratigility\Next))
#85 C:\xampp_7.4\htdocs\flarum\vendor\laminas\laminas-stratigility\src\MiddlewarePipe.php(75): Laminas\Stratigility\Next->handle(Object(Laminas\Diactoros\ServerRequest))
#86 C:\xampp_7.4\htdocs\flarum\vendor\middlewares\request-handler\src\RequestHandler.php(84): Laminas\Stratigility\MiddlewarePipe->process(Object(Laminas\Diactoros\ServerRequest), Object(Laminas\Stratigility\Next))
#87 C:\xampp_7.4\htdocs\flarum\vendor\laminas\laminas-stratigility\src\Next.php(49): Middlewares\RequestHandler->process(Object(Laminas\Diactoros\ServerRequest), Object(Laminas\Stratigility\Next))
#88 C:\xampp_7.4\htdocs\flarum\vendor\middlewares\base-path-router\src\BasePathRouter.php(101): Laminas\Stratigility\Next->handle(Object(Laminas\Diactoros\ServerRequest))
#89 C:\xampp_7.4\htdocs\flarum\vendor\laminas\laminas-stratigility\src\Next.php(49): Middlewares\BasePathRouter->process(Object(Laminas\Diactoros\ServerRequest), Object(Laminas\Stratigility\Next))
#90 C:\xampp_7.4\htdocs\flarum\vendor\laminas\laminas-stratigility\src\Middleware\OriginalMessages.php(36): Laminas\Stratigility\Next->handle(Object(Laminas\Diactoros\ServerRequest))
#91 C:\xampp_7.4\htdocs\flarum\vendor\laminas\laminas-stratigility\src\Next.php(49): Laminas\Stratigility\Middleware\OriginalMessages->process(Object(Laminas\Diactoros\ServerRequest), Object(Laminas\Stratigility\Next))
#92 C:\xampp_7.4\htdocs\flarum\vendor\middlewares\base-path\src\BasePath.php(73): Laminas\Stratigility\Next->handle(Object(Laminas\Diactoros\ServerRequest))
#93 C:\xampp_7.4\htdocs\flarum\vendor\laminas\laminas-stratigility\src\Next.php(49): Middlewares\BasePath->process(Object(Laminas\Diactoros\ServerRequest), Object(Laminas\Stratigility\Next))
#94 C:\xampp_7.4\htdocs\flarum\vendor\flarum\core\src\Http\Middleware\ProcessIp.php(24): Laminas\Stratigility\Next->handle(Object(Laminas\Diactoros\ServerRequest))
#95 C:\xampp_7.4\htdocs\flarum\vendor\laminas\laminas-stratigility\src\Next.php(49): Flarum\Http\Middleware\ProcessIp->process(Object(Laminas\Diactoros\ServerRequest), Object(Laminas\Stratigility\Next))
#96 C:\xampp_7.4\htdocs\flarum\vendor\laminas\laminas-stratigility\src\MiddlewarePipe.php(75): Laminas\Stratigility\Next->handle(Object(Laminas\Diactoros\ServerRequest))
#97 C:\xampp_7.4\htdocs\flarum\vendor\laminas\laminas-stratigility\src\MiddlewarePipe.php(64): Laminas\Stratigility\MiddlewarePipe->process(Object(Laminas\Diactoros\ServerRequest), Object(Laminas\Stratigility\EmptyPipelineHandler))
#98 C:\xampp_7.4\htdocs\flarum\vendor\laminas\laminas-httphandlerrunner\src\RequestHandlerRunner.php(96): Laminas\Stratigility\MiddlewarePipe->handle(Object(Laminas\Diactoros\ServerRequest))
#99 C:\xampp_7.4\htdocs\flarum\vendor\flarum\core\src\Http\Server.php(44): Laminas\HttpHandlerRunner\RequestHandlerRunner->run()
#100 C:\xampp_7.4\htdocs\flarum\public\index.php(26): Flarum\Http\Server->listen()
#101 {main}  
[2022-11-08 22:21:34] flarum.ERROR: Swift_TransportException: Process could not be started [The system cannot find the path specified.
] in C:\xampp_7.4\htdocs\flarum\vendor\swiftmailer\swiftmailer\lib\classes\Swift\Transport\StreamBuffer.php:294
Stack trace:
#0 C:\xampp_7.4\htdocs\flarum\vendor\swiftmailer\swiftmailer\lib\classes\Swift\Transport\StreamBuffer.php(54): Swift_Transport_StreamBuffer->establishProcessConnection()
#1 C:\xampp_7.4\htdocs\flarum\vendor\swiftmailer\swiftmailer\lib\classes\Swift\Transport\AbstractSmtpTransport.php(143): Swift_Transport_StreamBuffer->initialize(Array)
#2 C:\xampp_7.4\htdocs\flarum\vendor\swiftmailer\swiftmailer\lib\classes\Swift\Transport\SendmailTransport.php(50): Swift_Transport_AbstractSmtpTransport->start()
#3 C:\xampp_7.4\htdocs\flarum\vendor\swiftmailer\swiftmailer\lib\classes\Swift\Mailer.php(65): Swift_Transport_SendmailTransport->start()
#4 C:\xampp_7.4\htdocs\flarum\vendor\illuminate\mail\Mailer.php(521): Swift_Mailer->send(Object(Swift_Message), Array)
#5 C:\xampp_7.4\htdocs\flarum\vendor\illuminate\mail\Mailer.php(288): Illuminate\Mail\Mailer->sendSwiftMessage(Object(Swift_Message))
#6 C:\xampp_7.4\htdocs\flarum\vendor\illuminate\mail\Mailer.php(212): Illuminate\Mail\Mailer->send(NULL, Array, Object(Closure))
#7 C:\xampp_7.4\htdocs\flarum\vendor\flarum\core\src\Mail\Job\SendRawEmailJob.php(34): Illuminate\Mail\Mailer->raw('Hey juandipta!\n...', Object(Closure))
#8 C:\xampp_7.4\htdocs\flarum\vendor\illuminate\container\BoundMethod.php(36): Flarum\Mail\Job\SendRawEmailJob->handle(Object(Illuminate\Mail\Mailer))
#9 C:\xampp_7.4\htdocs\flarum\vendor\illuminate\container\Util.php(40): Illuminate\Container\BoundMethod::Illuminate\Container\{closure}()
#10 C:\xampp_7.4\htdocs\flarum\vendor\illuminate\container\BoundMethod.php(93): Illuminate\Container\Util::unwrapIfClosure(Object(Closure))
#11 C:\xampp_7.4\htdocs\flarum\vendor\illuminate\container\BoundMethod.php(37): Illuminate\Container\BoundMethod::callBoundMethod(Object(Illuminate\Container\Container), Array, Object(Closure))
#12 C:\xampp_7.4\htdocs\flarum\vendor\illuminate\container\Container.php(653): Illuminate\Container\BoundMethod::call(Object(Illuminate\Container\Container), Array, Array, NULL)
#13 C:\xampp_7.4\htdocs\flarum\vendor\illuminate\bus\Dispatcher.php(128): Illuminate\Container\Container->call(Array)
#14 C:\xampp_7.4\htdocs\flarum\vendor\illuminate\pipeline\Pipeline.php(128): Illuminate\Bus\Dispatcher->Illuminate\Bus\{closure}(Object(Flarum\Mail\Job\SendRawEmailJob))
#15 C:\xampp_7.4\htdocs\flarum\vendor\illuminate\pipeline\Pipeline.php(103): Illuminate\Pipeline\Pipeline->Illuminate\Pipeline\{closure}(Object(Flarum\Mail\Job\SendRawEmailJob))
#16 C:\xampp_7.4\htdocs\flarum\vendor\illuminate\bus\Dispatcher.php(132): Illuminate\Pipeline\Pipeline->then(Object(Closure))
#17 C:\xampp_7.4\htdocs\flarum\vendor\illuminate\queue\CallQueuedHandler.php(120): Illuminate\Bus\Dispatcher->dispatchNow(Object(Flarum\Mail\Job\SendRawEmailJob), false)
#18 C:\xampp_7.4\htdocs\flarum\vendor\illuminate\pipeline\Pipeline.php(128): Illuminate\Queue\CallQueuedHandler->Illuminate\Queue\{closure}(Object(Flarum\Mail\Job\SendRawEmailJob))
#19 C:\xampp_7.4\htdocs\flarum\vendor\illuminate\pipeline\Pipeline.php(103): Illuminate\Pipeline\Pipeline->Illuminate\Pipeline\{closure}(Object(Flarum\Mail\Job\SendRawEmailJob))
#20 C:\xampp_7.4\htdocs\flarum\vendor\illuminate\queue\CallQueuedHandler.php(122): Illuminate\Pipeline\Pipeline->then(Object(Closure))
#21 C:\xampp_7.4\htdocs\flarum\vendor\illuminate\queue\CallQueuedHandler.php(70): Illuminate\Queue\CallQueuedHandler->dispatchThroughMiddleware(Object(Illuminate\Queue\Jobs\SyncJob), Object(Flarum\Mail\Job\SendRawEmailJob))
#22 C:\xampp_7.4\htdocs\flarum\vendor\illuminate\queue\Jobs\Job.php(98): Illuminate\Queue\CallQueuedHandler->call(Object(Illuminate\Queue\Jobs\SyncJob), Array)
#23 C:\xampp_7.4\htdocs\flarum\vendor\illuminate\queue\SyncQueue.php(43): Illuminate\Queue\Jobs\Job->fire()
#24 C:\xampp_7.4\htdocs\flarum\vendor\flarum\core\src\User\AccountActivationMailerTrait.php(54): Illuminate\Queue\SyncQueue->push(Object(Flarum\Mail\Job\SendRawEmailJob))
#25 C:\xampp_7.4\htdocs\flarum\vendor\flarum\core\src\User\AccountActivationMailer.php(67): Flarum\User\AccountActivationMailer->sendConfirmationEmail(Object(Flarum\User\User), Array)
#26 C:\xampp_7.4\htdocs\flarum\vendor\illuminate\events\Dispatcher.php(424): Flarum\User\AccountActivationMailer->handle(Object(Flarum\User\Event\Registered))
#27 C:\xampp_7.4\htdocs\flarum\vendor\illuminate\events\Dispatcher.php(249): Illuminate\Events\Dispatcher->Illuminate\Events\{closure}('Flarum\\User\\Eve...', Array)
#28 C:\xampp_7.4\htdocs\flarum\vendor\flarum\core\src\Foundation\DispatchEventsTrait.php(33): Illuminate\Events\Dispatcher->dispatch('Flarum\\User\\Eve...')
#29 C:\xampp_7.4\htdocs\flarum\vendor\flarum\core\src\User\Command\RegisterUserHandler.php(125): Flarum\User\Command\RegisterUserHandler->dispatchEventsFor(Object(Flarum\User\User), Object(Flarum\User\Guest))
#30 C:\xampp_7.4\htdocs\flarum\vendor\illuminate\bus\Dispatcher.php(122): Flarum\User\Command\RegisterUserHandler->handle(Object(Flarum\User\Command\RegisterUser))
#31 C:\xampp_7.4\htdocs\flarum\vendor\illuminate\pipeline\Pipeline.php(128): Illuminate\Bus\Dispatcher->Illuminate\Bus\{closure}(Object(Flarum\User\Command\RegisterUser))
#32 C:\xampp_7.4\htdocs\flarum\vendor\illuminate\pipeline\Pipeline.php(103): Illuminate\Pipeline\Pipeline->Illuminate\Pipeline\{closure}(Object(Flarum\User\Command\RegisterUser))
#33 C:\xampp_7.4\htdocs\flarum\vendor\illuminate\bus\Dispatcher.php(132): Illuminate\Pipeline\Pipeline->then(Object(Closure))
#34 C:\xampp_7.4\htdocs\flarum\vendor\illuminate\bus\Dispatcher.php(78): Illuminate\Bus\Dispatcher->dispatchNow(Object(Flarum\User\Command\RegisterUser))
#35 C:\xampp_7.4\htdocs\flarum\vendor\flarum\core\src\Api\Controller\CreateUserController.php(46): Illuminate\Bus\Dispatcher->dispatch(Object(Flarum\User\Command\RegisterUser))
#36 C:\xampp_7.4\htdocs\flarum\vendor\flarum\core\src\Api\Controller\AbstractSerializeController.php(115): Flarum\Api\Controller\CreateUserController->data(Object(Laminas\Diactoros\ServerRequest), Object(Tobscure\JsonApi\Document))
#37 C:\xampp_7.4\htdocs\flarum\vendor\flarum\core\src\Api\Controller\AbstractCreateController.php(22): Flarum\Api\Controller\AbstractSerializeController->handle(Object(Laminas\Diactoros\ServerRequest))
#38 C:\xampp_7.4\htdocs\flarum\vendor\flarum\core\src\Http\RouteHandlerFactory.php(41): Flarum\Api\Controller\AbstractCreateController->handle(Object(Laminas\Diactoros\ServerRequest))
#39 C:\xampp_7.4\htdocs\flarum\vendor\flarum\core\src\Http\Middleware\ExecuteRoute.php(27): Flarum\Http\RouteHandlerFactory->Flarum\Http\{closure}(Object(Laminas\Diactoros\ServerRequest), Array)
#40 C:\xampp_7.4\htdocs\flarum\vendor\laminas\laminas-stratigility\src\Next.php(49): Flarum\Http\Middleware\ExecuteRoute->process(Object(Laminas\Diactoros\ServerRequest), Object(Closure))
#41 C:\xampp_7.4\htdocs\flarum\vendor\flarum\core\src\Api\Middleware\ThrottleApi.php(33): Laminas\Stratigility\Next->handle(Object(Laminas\Diactoros\ServerRequest))
#42 C:\xampp_7.4\htdocs\flarum\vendor\laminas\laminas-stratigility\src\Next.php(49): Flarum\Api\Middleware\ThrottleApi->process(Object(Laminas\Diactoros\ServerRequest), Object(Laminas\Stratigility\Next))
#43 C:\xampp_7.4\htdocs\flarum\vendor\flarum\core\src\Http\Middleware\ResolveRoute.php(67): Laminas\Stratigility\Next->handle(Object(Laminas\Diactoros\ServerRequest))
#44 C:\xampp_7.4\htdocs\flarum\vendor\laminas\laminas-stratigility\src\Next.php(49): Flarum\Http\Middleware\ResolveRoute->process(Object(Laminas\Diactoros\ServerRequest), Object(Laminas\Stratigility\Next))
#45 C:\xampp_7.4\htdocs\flarum\vendor\flarum\core\src\Http\Middleware\SetLocale.php(51): Laminas\Stratigility\Next->handle(Object(Laminas\Diactoros\ServerRequest))
#46 C:\xampp_7.4\htdocs\flarum\vendor\laminas\laminas-stratigility\src\Next.php(49): Flarum\Http\Middleware\SetLocale->process(Object(Laminas\Diactoros\ServerRequest), Object(Laminas\Stratigility\Next))
#47 C:\xampp_7.4\htdocs\flarum\vendor\flarum\core\src\Http\Middleware\HandleErrors.php(57): Laminas\Stratigility\Next->handle(Object(Laminas\Diactoros\ServerRequest))
#48 C:\xampp_7.4\htdocs\flarum\vendor\laminas\laminas-stratigility\src\Next.php(49): Flarum\Http\Middleware\HandleErrors->process(Object(Laminas\Diactoros\ServerRequest), Object(Laminas\Stratigility\Next))
#49 C:\xampp_7.4\htdocs\flarum\vendor\laminas\laminas-stratigility\src\MiddlewarePipe.php(75): Laminas\Stratigility\Next->handle(Object(Laminas\Diactoros\ServerRequest))
#50 C:\xampp_7.4\htdocs\flarum\vendor\laminas\laminas-stratigility\src\MiddlewarePipe.php(64): Laminas\Stratigility\MiddlewarePipe->process(Object(Laminas\Diactoros\ServerRequest), Object(Laminas\Stratigility\EmptyPipelineHandler))
#51 C:\xampp_7.4\htdocs\flarum\vendor\flarum\core\src\Api\Client.php(145): Laminas\Stratigility\MiddlewarePipe->handle(Object(Laminas\Diactoros\ServerRequest))
#52 C:\xampp_7.4\htdocs\flarum\vendor\flarum\core\src\Api\Client.php(100): Flarum\Api\Client->send('POST', '/users')
#53 C:\xampp_7.4\htdocs\flarum\vendor\flarum\core\src\Forum\Controller\RegisterController.php(56): Flarum\Api\Client->post('/users')
#54 C:\xampp_7.4\htdocs\flarum\vendor\flarum\core\src\Http\RouteHandlerFactory.php(41): Flarum\Forum\Controller\RegisterController->handle(Object(Laminas\Diactoros\ServerRequest))
#55 C:\xampp_7.4\htdocs\flarum\vendor\flarum\core\src\Http\Middleware\ExecuteRoute.php(27): Flarum\Http\RouteHandlerFactory->Flarum\Http\{closure}(Object(Laminas\Diactoros\ServerRequest), Array)
#56 C:\xampp_7.4\htdocs\flarum\vendor\laminas\laminas-stratigility\src\Next.php(49): Flarum\Http\Middleware\ExecuteRoute->process(Object(Laminas\Diactoros\ServerRequest), Object(Closure))
#57 C:\xampp_7.4\htdocs\flarum\vendor\flarum\core\src\Http\Middleware\ContentTypeOptionsHeader.php(21): Laminas\Stratigility\Next->handle(Object(Laminas\Diactoros\ServerRequest))
#58 C:\xampp_7.4\htdocs\flarum\vendor\laminas\laminas-stratigility\src\Next.php(49): Flarum\Http\Middleware\ContentTypeOptionsHeader->process(Object(Laminas\Diactoros\ServerRequest), Object(Laminas\Stratigility\Next))
#59 C:\xampp_7.4\htdocs\flarum\vendor\flarum\core\src\Http\Middleware\ReferrerPolicyHeader.php(30): Laminas\Stratigility\Next->handle(Object(Laminas\Diactoros\ServerRequest))
#60 C:\xampp_7.4\htdocs\flarum\vendor\laminas\laminas-stratigility\src\Next.php(49): Flarum\Http\Middleware\ReferrerPolicyHeader->process(Object(Laminas\Diactoros\ServerRequest), Object(Laminas\Stratigility\Next))
#61 C:\xampp_7.4\htdocs\flarum\vendor\flarum\core\src\Http\Middleware\FlarumPromotionHeader.php(30): Laminas\Stratigility\Next->handle(Object(Laminas\Diactoros\ServerRequest))
#62 C:\xampp_7.4\htdocs\flarum\vendor\laminas\laminas-stratigility\src\Next.php(49): Flarum\Http\Middleware\FlarumPromotionHeader->process(Object(Laminas\Diactoros\ServerRequest), Object(Laminas\Stratigility\Next))
#63 C:\xampp_7.4\htdocs\flarum\vendor\flarum\core\src\Http\Middleware\ShareErrorsFromSession.php(57): Laminas\Stratigility\Next->handle(Object(Laminas\Diactoros\ServerRequest))
#64 C:\xampp_7.4\htdocs\flarum\vendor\laminas\laminas-stratigility\src\Next.php(49): Flarum\Http\Middleware\ShareErrorsFromSession->process(Object(Laminas\Diactoros\ServerRequest), Object(Laminas\Stratigility\Next))
#65 C:\xampp_7.4\htdocs\flarum\vendor\flarum\core\src\Http\Middleware\CheckCsrfToken.php(44): Laminas\Stratigility\Next->handle(Object(Laminas\Diactoros\ServerRequest))
#66 C:\xampp_7.4\htdocs\flarum\vendor\laminas\laminas-stratigility\src\Next.php(49): Flarum\Http\Middleware\CheckCsrfToken->process(Object(Laminas\Diactoros\ServerRequest), Object(Laminas\Stratigility\Next))
#67 C:\xampp_7.4\htdocs\flarum\vendor\flarum\core\src\Http\Middleware\ResolveRoute.php(67): Laminas\Stratigility\Next->handle(Object(Laminas\Diactoros\ServerRequest))
#68 C:\xampp_7.4\htdocs\flarum\vendor\laminas\laminas-stratigility\src\Next.php(49): Flarum\Http\Middleware\ResolveRoute->process(Object(Laminas\Diactoros\ServerRequest), Object(Laminas\Stratigility\Next))
#69 C:\xampp_7.4\htdocs\flarum\vendor\flarum\core\src\Http\Middleware\SetLocale.php(51): Laminas\Stratigility\Next->handle(Object(Laminas\Diactoros\ServerRequest))
#70 C:\xampp_7.4\htdocs\flarum\vendor\laminas\laminas-stratigility\src\Next.php(49): Flarum\Http\Middleware\SetLocale->process(Object(Laminas\Diactoros\ServerRequest), Object(Laminas\Stratigility\Next))
#71 C:\xampp_7.4\htdocs\flarum\vendor\flarum\core\src\Http\Middleware\AuthenticateWithSession.php(31): Laminas\Stratigility\Next->handle(Object(Laminas\Diactoros\ServerRequest))
#72 C:\xampp_7.4\htdocs\flarum\vendor\laminas\laminas-stratigility\src\Next.php(49): Flarum\Http\Middleware\AuthenticateWithSession->process(Object(Laminas\Diactoros\ServerRequest), Object(Laminas\Stratigility\Next))
#73 C:\xampp_7.4\htdocs\flarum\vendor\flarum\core\src\Http\Middleware\RememberFromCookie.php(52): Laminas\Stratigility\Next->handle(Object(Laminas\Diactoros\ServerRequest))
#74 C:\xampp_7.4\htdocs\flarum\vendor\laminas\laminas-stratigility\src\Next.php(49): Flarum\Http\Middleware\RememberFromCookie->process(Object(Laminas\Diactoros\ServerRequest), Object(Laminas\Stratigility\Next))
#75 C:\xampp_7.4\htdocs\flarum\vendor\flarum\core\src\Http\Middleware\StartSession.php(61): Laminas\Stratigility\Next->handle(Object(Laminas\Diactoros\ServerRequest))
#76 C:\xampp_7.4\htdocs\flarum\vendor\laminas\laminas-stratigility\src\Next.php(49): Flarum\Http\Middleware\StartSession->process(Object(Laminas\Diactoros\ServerRequest), Object(Laminas\Stratigility\Next))
#77 C:\xampp_7.4\htdocs\flarum\vendor\flarum\core\src\Http\Middleware\CollectGarbage.php(46): Laminas\Stratigility\Next->handle(Object(Laminas\Diactoros\ServerRequest))
#78 C:\xampp_7.4\htdocs\flarum\vendor\laminas\laminas-stratigility\src\Next.php(49): Flarum\Http\Middleware\CollectGarbage->process(Object(Laminas\Diactoros\ServerRequest), Object(Laminas\Stratigility\Next))
#79 C:\xampp_7.4\htdocs\flarum\vendor\flarum\core\src\Http\Middleware\ParseJsonBody.php(28): Laminas\Stratigility\Next->handle(Object(Laminas\Diactoros\ServerRequest))
#80 C:\xampp_7.4\htdocs\flarum\vendor\laminas\laminas-stratigility\src\Next.php(49): Flarum\Http\Middleware\ParseJsonBody->process(Object(Laminas\Diactoros\ServerRequest), Object(Laminas\Stratigility\Next))
#81 C:\xampp_7.4\htdocs\flarum\vendor\flarum\core\src\Http\Middleware\HandleErrors.php(57): Laminas\Stratigility\Next->handle(Object(Laminas\Diactoros\ServerRequest))
#82 C:\xampp_7.4\htdocs\flarum\vendor\laminas\laminas-stratigility\src\Next.php(49): Flarum\Http\Middleware\HandleErrors->process(Object(Laminas\Diactoros\ServerRequest), Object(Laminas\Stratigility\Next))
#83 C:\xampp_7.4\htdocs\flarum\vendor\flarum\core\src\Http\Middleware\InjectActorReference.php(25): Laminas\Stratigility\Next->handle(Object(Laminas\Diactoros\ServerRequest))
#84 C:\xampp_7.4\htdocs\flarum\vendor\laminas\laminas-stratigility\src\Next.php(49): Flarum\Http\Middleware\InjectActorReference->process(Object(Laminas\Diactoros\ServerRequest), Object(Laminas\Stratigility\Next))
#85 C:\xampp_7.4\htdocs\flarum\vendor\laminas\laminas-stratigility\src\MiddlewarePipe.php(75): Laminas\Stratigility\Next->handle(Object(Laminas\Diactoros\ServerRequest))
#86 C:\xampp_7.4\htdocs\flarum\vendor\middlewares\request-handler\src\RequestHandler.php(84): Laminas\Stratigility\MiddlewarePipe->process(Object(Laminas\Diactoros\ServerRequest), Object(Laminas\Stratigility\Next))
#87 C:\xampp_7.4\htdocs\flarum\vendor\laminas\laminas-stratigility\src\Next.php(49): Middlewares\RequestHandler->process(Object(Laminas\Diactoros\ServerRequest), Object(Laminas\Stratigility\Next))
#88 C:\xampp_7.4\htdocs\flarum\vendor\middlewares\base-path-router\src\BasePathRouter.php(101): Laminas\Stratigility\Next->handle(Object(Laminas\Diactoros\ServerRequest))
#89 C:\xampp_7.4\htdocs\flarum\vendor\laminas\laminas-stratigility\src\Next.php(49): Middlewares\BasePathRouter->process(Object(Laminas\Diactoros\ServerRequest), Object(Laminas\Stratigility\Next))
#90 C:\xampp_7.4\htdocs\flarum\vendor\laminas\laminas-stratigility\src\Middleware\OriginalMessages.php(36): Laminas\Stratigility\Next->handle(Object(Laminas\Diactoros\ServerRequest))
#91 C:\xampp_7.4\htdocs\flarum\vendor\laminas\laminas-stratigility\src\Next.php(49): Laminas\Stratigility\Middleware\OriginalMessages->process(Object(Laminas\Diactoros\ServerRequest), Object(Laminas\Stratigility\Next))
#92 C:\xampp_7.4\htdocs\flarum\vendor\middlewares\base-path\src\BasePath.php(73): Laminas\Stratigility\Next->handle(Object(Laminas\Diactoros\ServerRequest))
#93 C:\xampp_7.4\htdocs\flarum\vendor\laminas\laminas-stratigility\src\Next.php(49): Middlewares\BasePath->process(Object(Laminas\Diactoros\ServerRequest), Object(Laminas\Stratigility\Next))
#94 C:\xampp_7.4\htdocs\flarum\vendor\flarum\core\src\Http\Middleware\ProcessIp.php(24): Laminas\Stratigility\Next->handle(Object(Laminas\Diactoros\ServerRequest))
#95 C:\xampp_7.4\htdocs\flarum\vendor\laminas\laminas-stratigility\src\Next.php(49): Flarum\Http\Middleware\ProcessIp->process(Object(Laminas\Diactoros\ServerRequest), Object(Laminas\Stratigility\Next))
#96 C:\xampp_7.4\htdocs\flarum\vendor\laminas\laminas-stratigility\src\MiddlewarePipe.php(75): Laminas\Stratigility\Next->handle(Object(Laminas\Diactoros\ServerRequest))
#97 C:\xampp_7.4\htdocs\flarum\vendor\laminas\laminas-stratigility\src\MiddlewarePipe.php(64): Laminas\Stratigility\MiddlewarePipe->process(Object(Laminas\Diactoros\ServerRequest), Object(Laminas\Stratigility\EmptyPipelineHandler))
#98 C:\xampp_7.4\htdocs\flarum\vendor\laminas\laminas-httphandlerrunner\src\RequestHandlerRunner.php(96): Laminas\Stratigility\MiddlewarePipe->handle(Object(Laminas\Diactoros\ServerRequest))
#99 C:\xampp_7.4\htdocs\flarum\vendor\flarum\core\src\Http\Server.php(44): Laminas\HttpHandlerRunner\RequestHandlerRunner->run()
#100 C:\xampp_7.4\htdocs\flarum\public\index.php(26): Flarum\Http\Server->listen()
#101 {main}  
